2025-07-10 05:43:28 [INFO] as_bot: 成功获取bearer token
2025-07-10 05:43:28 [INFO] as_bot: 成功获取人机黄乾的chat_id
2025-07-10 05:43:28 [INFO] as_bot: 200-发送成功
2025-07-10 06:30:36 [INFO] as_bot: 成功获取bearer token
2025-07-10 06:30:37 [INFO] as_bot: 成功获取人机黄乾的chat_id
2025-07-10 06:30:37 [INFO] as_bot: 200-发送成功
2025-07-10 07:50:06 [INFO] as_bot: 成功获取bearer token
2025-07-10 07:50:07 [INFO] as_bot: 200-发送成功
2025-07-10 07:51:06 [INFO] as_bot: 成功获取bearer token
2025-07-10 07:51:06 [INFO] as_bot: 成功获取人机的chat_id
2025-07-10 07:51:07 [INFO] as_bot: 上传文件获取file_key
2025-07-10 07:51:07 [INFO] as_bot: 获取file_key成功
2025-07-10 07:51:07 [INFO] as_bot: 正在发送文件到陶健宏~
2025-07-10 07:51:07 [INFO] as_bot: 发送文件成功
2025-07-10 07:58:21 [INFO] as_bot: 成功获取bearer token
2025-07-10 07:58:21 [INFO] as_bot: 成功获取寄修严重超时跟进预警的chat_id
2025-07-10 07:58:22 [INFO] as_bot: 上传文件获取file_key
2025-07-10 07:58:22 [INFO] as_bot: 获取file_key成功
2025-07-10 07:58:22 [INFO] as_bot: 正在发送文件~
2025-07-10 07:58:22 [INFO] as_bot: 发送文件成功
2025-07-10 07:58:23 [INFO] as_bot: 200-发送成功
2025-07-10 08:55:06 [INFO] as_bot: 成功获取bearer token
2025-07-10 08:55:06 [INFO] as_bot: 成功获取人机黄乾的chat_id
2025-07-10 08:55:19 [INFO] as_bot: 200-发送成功
2025-07-10 08:55:31 [INFO] as_bot: 200-发送成功
2025-07-10 08:55:44 [INFO] as_bot: 200-发送成功
2025-07-10 08:55:58 [INFO] as_bot: 200-发送成功
2025-07-10 08:56:08 [INFO] as_bot: 200-发送成功
